#
# A fatal error has been detected by the Java Runtime Environment:
#
#  EXCEPTION_UNCAUGHT_CXX_EXCEPTION (0xe06d7363) at pc=0x00007ffbfcd6a839, pid=9856, tid=0x0000000000003368
#
# JRE version: Java(TM) SE Runtime Environment (8.0_221-b11) (build 1.8.0_221-b11)
# Java VM: Java HotSpot(TM) 64-Bit Server VM (25.221-b11 mixed mode windows-amd64 compressed oops)
# Problematic frame:
# C  [KERNELBASE.dll+0x3a839]
#
# Failed to write core dump. Minidumps are not enabled by default on client versions of Windows
#
# If you would like to submit a bug report, please visit:
#   http://bugreport.java.com/bugreport/crash.jsp
# The crash happened outside the Java Virtual Machine in native code.
# See problematic frame for where to report the bug.
#

---------------  T H R E A D  ---------------

Current thread (0x000000001ce42800):  JavaThread "pool-32-thread-1" [_thread_in_native, id=13160, stack(0x0000000028280000,0x0000000028380000)]

siginfo: ExceptionCode=0xe06d7363, ExceptionInformation=0x0000000019930520 0x000000002837ecc0 0x00007ffbc0c6f738 0x00007ffbc0b40000 

Registers:
RAX=0x00007ffbfcd9305d, RBX=0x000000002837ecc0, RCX=0x0000000021a7b400, RDX=0x0000000003004490
RSP=0x000000002837eb40, RBP=0x000000002837ec80, RSI=0x000000001d3a2e70, RDI=0x00007ffbc0c6f738
R8 =0x0000000003004490, R9 =0x0000000000000005, R10=0x000000007071b015, R11=0x000000001af13b00
R12=0x0000000000000000, R13=0x0000000000000001, R14=0x000000008273a428, R15=0x000000001ce42800
RIP=0x00007ffbfcd6a839, EFLAGS=0x0000000000000206

Top of Stack: (sp=0x000000002837eb40)
0x000000002837eb40:   000000001ce42800 000000002837ecc0
0x000000002837eb50:   000000001d3a2e70 0000000000000000
0x000000002837eb60:   00000001e06d7363 0000000000000000
0x000000002837eb70:   00007ffbfcd6a839 00007ffb00000004
0x000000002837eb80:   0000000019930520 000000002837ecc0
0x000000002837eb90:   00007ffbc0c6f738 00007ffbc0b40000
0x000000002837eba0:   0000000000000001 0000000000000000
0x000000002837ebb0:   000000001d3a2e70 000000002837ec80
0x000000002837ebc0:   000000002837ec90 00007ffbff1df49f
0x000000002837ebd0:   00007ffbc0c6f738 0000000000000000
0x000000002837ebe0:   0000000000000000 000000001ce42800
0x000000002837ebf0:   00007ffbc0cb1000 00007ffbc0b40000
0x000000002837ec00:   0000d91ca8e5ca6e 00007ffbc0b6777f
0x000000002837ec10:   000000002837ecc0 00000000717c14f1
0x000000002837ec20:   000000001ce42800 000000007062efa5
0x000000002837ec30:   0000b4c8b85ff146 0000078000000000 

Instructions: (pc=0x00007ffbfcd6a839)
0x00007ffbfcd6a819:   8b d1 44 0f 47 c0 44 89 44 24 38 49 c1 e0 03 e8
0x00007ffbfcd6a829:   aa 4c 05 00 48 8d 4c 24 20 48 ff 15 af bf 16 00
0x00007ffbfcd6a839:   0f 1f 44 00 00 48 8b 8c 24 c0 00 00 00 48 33 cc
0x00007ffbfcd6a849:   e8 c2 ee 04 00 48 81 c4 d8 00 00 00 c3 83 64 24 


Register to memory mapping:

RAX=0x00007ffbfcd9305d is an unknown value
RBX=0x000000002837ecc0 is pointing into the stack for thread: 0x000000001ce42800
RCX=0x0000000021a7b400 is an unknown value
RDX=0x0000000003004490 is an unknown value
RSP=0x000000002837eb40 is pointing into the stack for thread: 0x000000001ce42800
RBP=0x000000002837ec80 is pointing into the stack for thread: 0x000000001ce42800
RSI=0x000000001d3a2e70 is an unknown value
RDI=0x00007ffbc0c6f738 is an unknown value
R8 =0x0000000003004490 is an unknown value
R9 =0x0000000000000005 is an unknown value
R10=0x000000007071b015 is an unknown value
R11=0x000000001af13b00 is an unknown value
R12=0x0000000000000000 is an unknown value
R13=0x0000000000000001 is an unknown value
R14=0x000000008273a428 is an oop
sun.awt.windows.WToolkit 
 - klass: 'sun/awt/windows/WToolkit'
R15=0x000000001ce42800 is a thread


Stack: [0x0000000028280000,0x0000000028380000],  sp=0x000000002837eb40,  free space=1018k
Native frames: (J=compiled Java code, j=interpreted, Vv=VM code, C=native code)
C  [KERNELBASE.dll+0x3a839]
C  [msvcr100.dll+0x614f1]
C  [awt.dll+0xd9409]
C  [awt.dll+0xd09b0]
C  0x0000000003b8f87d

Java frames: (J=compiled Java code, j=interpreted, Vv=VM code)
J 3660  sun.awt.Win32GraphicsConfig.getBounds(I)Ljava/awt/Rectangle; (0 bytes) @ 0x0000000003b8f7fb [0x0000000003b8f7c0+0x3b]
J 7474 C2 java.util.concurrent.Executors$RunnableAdapter.call()Ljava/lang/Object; (14 bytes) @ 0x0000000003d91de0 [0x0000000003d91a20+0x3c0]
J 7471 C2 java.util.concurrent.ScheduledThreadPoolExecutor$ScheduledFutureTask.run()V (59 bytes) @ 0x00000000036e7fd8 [0x00000000036e7f00+0xd8]
J 6574% C2 java.util.concurrent.ThreadPoolExecutor.runWorker(Ljava/util/concurrent/ThreadPoolExecutor$Worker;)V (225 bytes) @ 0x000000000432a68c [0x000000000432a3a0+0x2ec]
j  java.util.concurrent.ThreadPoolExecutor$Worker.run()V+5
j  java.lang.Thread.run()V+11
v  ~StubRoutines::call_stub

---------------  P R O C E S S  ---------------

Java Threads: ( => current thread )
  0x000000001aa1f000 JavaThread "Thread-68" [_thread_blocked, id=9940, stack(0x0000000030b70000,0x0000000030c70000)]
  0x000000001aa1a800 JavaThread "Thread-67" [_thread_blocked, id=10332, stack(0x000000002fa60000,0x000000002fb60000)]
  0x000000001aa24800 JavaThread "pool-125-thread-1" [_thread_blocked, id=6228, stack(0x0000000030650000,0x0000000030750000)]
  0x000000001aa2b000 JavaThread "pool-124-thread-1" [_thread_blocked, id=8436, stack(0x0000000030550000,0x0000000030650000)]
  0x000000001aa29000 JavaThread "Thread-66" [_thread_blocked, id=8320, stack(0x0000000030450000,0x0000000030550000)]
  0x000000001aa2a800 JavaThread "Thread-65" [_thread_blocked, id=8396, stack(0x0000000030350000,0x0000000030450000)]
  0x000000001aa28000 JavaThread "pool-122-thread-1" [_thread_blocked, id=14096, stack(0x0000000030a70000,0x0000000030b70000)]
  0x000000001aa23800 JavaThread "pool-121-thread-1" [_thread_blocked, id=9356, stack(0x0000000030970000,0x0000000030a70000)]
  0x000000001aa29800 JavaThread "Thread-64" [_thread_blocked, id=3416, stack(0x0000000030870000,0x0000000030970000)]
  0x000000001aa27800 JavaThread "pool-120-thread-1" [_thread_blocked, id=10604, stack(0x0000000030060000,0x0000000030160000)]
  0x000000001aa1c800 JavaThread "pool-119-thread-1" [_thread_blocked, id=9480, stack(0x000000002ff60000,0x0000000030060000)]
  0x000000001aa22000 JavaThread "Thread-63" [_thread_blocked, id=12424, stack(0x000000002fe60000,0x000000002ff60000)]
  0x000000001aa20800 JavaThread "Thread-62" [_thread_blocked, id=9428, stack(0x000000002ee60000,0x000000002ef60000)]
  0x000000001aa21800 JavaThread "pool-117-thread-1" [_thread_blocked, id=8316, stack(0x000000002fd60000,0x000000002fe60000)]
  0x000000001aa19800 JavaThread "pool-116-thread-1" [_thread_blocked, id=3660, stack(0x000000002fc60000,0x000000002fd60000)]
  0x000000001aa1e000 JavaThread "Thread-61" [_thread_blocked, id=12716, stack(0x000000002f260000,0x000000002f360000)]
  0x000000001aa1f800 JavaThread "pool-115-thread-1" [_thread_blocked, id=10608, stack(0x000000002f660000,0x000000002f760000)]
  0x000000001aa19000 JavaThread "pool-114-thread-1" [_thread_blocked, id=12436, stack(0x000000002f560000,0x000000002f660000)]
  0x000000001aa1d800 JavaThread "Thread-60" [_thread_blocked, id=9624, stack(0x0000000028380000,0x0000000028480000)]
  0x000000001aa1b000 JavaThread "pool-113-thread-1" [_thread_blocked, id=2800, stack(0x000000002f460000,0x000000002f560000)]
  0x000000001aa1c000 JavaThread "pool-112-thread-1" [_thread_blocked, id=4008, stack(0x000000002f360000,0x000000002f460000)]
  0x000000001ea06800 JavaThread "Thread-59" [_thread_blocked, id=8160, stack(0x000000002f160000,0x000000002f260000)]
  0x000000001ea10000 JavaThread "pool-111-thread-1" [_thread_blocked, id=5716, stack(0x000000002f060000,0x000000002f160000)]
  0x000000001ea0f800 JavaThread "pool-110-thread-1" [_thread_blocked, id=7600, stack(0x000000002ef60000,0x000000002f060000)]
  0x000000001ea0e000 JavaThread "Thread-58" [_thread_blocked, id=7656, stack(0x000000002e260000,0x000000002e360000)]
  0x000000001ea11800 JavaThread "pool-109-thread-1" [_thread_blocked, id=6120, stack(0x000000002f960000,0x000000002fa60000)]
  0x000000001ea11000 JavaThread "pool-108-thread-1" [_thread_blocked, id=9132, stack(0x000000002f860000,0x000000002f960000)]
  0x000000001ea08800 JavaThread "Thread-57" [_thread_blocked, id=12656, stack(0x000000002f760000,0x000000002f860000)]
  0x000000001ea0e800 JavaThread "Thread-56" [_thread_blocked, id=1968, stack(0x000000002ed60000,0x000000002ee60000)]
  0x000000001ea0d000 JavaThread "pool-106-thread-1" [_thread_blocked, id=4116, stack(0x000000002ec60000,0x000000002ed60000)]
  0x000000001ea04000 JavaThread "pool-105-thread-1" [_thread_blocked, id=10924, stack(0x000000002eb60000,0x000000002ec60000)]
  0x000000001ea0b000 JavaThread "Thread-55" [_thread_blocked, id=7996, stack(0x000000002e860000,0x000000002e960000)]
  0x000000001ea05800 JavaThread "pool-104-thread-1" [_thread_blocked, id=2820, stack(0x000000002ea60000,0x000000002eb60000)]
  0x000000001ea0c800 JavaThread "pool-103-thread-1" [_thread_blocked, id=13276, stack(0x000000002e960000,0x000000002ea60000)]
  0x000000001ea0b800 JavaThread "Thread-54" [_thread_blocked, id=12488, stack(0x0000000030250000,0x0000000030350000)]
  0x000000001ea07000 JavaThread "pool-102-thread-1" [_thread_blocked, id=4564, stack(0x000000002e760000,0x000000002e860000)]
  0x000000001ea03000 JavaThread "pool-101-thread-1" [_thread_blocked, id=8132, stack(0x000000002e660000,0x000000002e760000)]
  0x000000001ea09800 JavaThread "Thread-53" [_thread_blocked, id=7964, stack(0x000000002ca60000,0x000000002cb60000)]
  0x000000001ea08000 JavaThread "pool-100-thread-1" [_thread_blocked, id=12760, stack(0x000000002e560000,0x000000002e660000)]
  0x000000001ea05000 JavaThread "pool-99-thread-1" [_thread_blocked, id=3480, stack(0x000000002e460000,0x000000002e560000)]
  0x000000001ea0a000 JavaThread "Thread-52" [_thread_blocked, id=3372, stack(0x000000002e360000,0x000000002e460000)]
  0x000000001d2d8000 JavaThread "pool-98-thread-1" [_thread_blocked, id=1748, stack(0x000000002e160000,0x000000002e260000)]
  0x000000001d864000 JavaThread "pool-97-thread-1" [_thread_blocked, id=3664, stack(0x000000002dd60000,0x000000002de60000)]
  0x000000001d863000 JavaThread "Thread-51" [_thread_blocked, id=12512, stack(0x000000002d960000,0x000000002da60000)]
  0x000000001b404800 JavaThread "pool-96-thread-1" [_thread_blocked, id=13616, stack(0x000000002e060000,0x000000002e160000)]
  0x000000001b40b800 JavaThread "pool-95-thread-1" [_thread_blocked, id=6420, stack(0x000000002df60000,0x000000002e060000)]
  0x000000001d861000 JavaThread "Thread-50" [_thread_blocked, id=11416, stack(0x000000002de60000,0x000000002df60000)]
  0x000000001d867000 JavaThread "pool-94-thread-1" [_thread_blocked, id=9960, stack(0x000000002dc60000,0x000000002dd60000)]
  0x000000001d866000 JavaThread "pool-93-thread-1" [_thread_blocked, id=9884, stack(0x000000002db60000,0x000000002dc60000)]
  0x000000001d85e000 JavaThread "Thread-49" [_thread_blocked, id=1500, stack(0x000000002da60000,0x000000002db60000)]
  0x000000001d865800 JavaThread "pool-92-thread-1" [_thread_blocked, id=6036, stack(0x000000002d860000,0x000000002d960000)]
  0x000000001d864800 JavaThread "pool-91-thread-1" [_thread_blocked, id=11892, stack(0x000000002d760000,0x000000002d860000)]
  0x000000001d862800 JavaThread "Thread-48" [_thread_blocked, id=12204, stack(0x000000002d360000,0x000000002d460000)]
  0x000000001d861800 JavaThread "pool-89-thread-1" [_thread_blocked, id=12792, stack(0x000000002d560000,0x000000002d660000)]
  0x000000001d85a000 JavaThread "Thread-47" [_thread_blocked, id=13104, stack(0x000000002d460000,0x000000002d560000)]
  0x000000001d860000 JavaThread "pool-88-thread-1" [_thread_blocked, id=10576, stack(0x000000002d260000,0x000000002d360000)]
  0x000000001d858800 JavaThread "pool-87-thread-1" [_thread_blocked, id=9676, stack(0x000000002d160000,0x000000002d260000)]
  0x000000001d85f800 JavaThread "Thread-46" [_thread_blocked, id=180, stack(0x000000002cd60000,0x000000002ce60000)]
  0x000000001d85d000 JavaThread "pool-86-thread-1" [_thread_blocked, id=8172, stack(0x000000002d060000,0x000000002d160000)]
  0x000000001d85c800 JavaThread "pool-85-thread-1" [_thread_blocked, id=9872, stack(0x000000002cf60000,0x000000002d060000)]
  0x000000001d85b800 JavaThread "Thread-45" [_thread_blocked, id=3124, stack(0x000000002ce60000,0x000000002cf60000)]
  0x000000001d85e800 JavaThread "pool-84-thread-1" [_thread_blocked, id=3324, stack(0x000000002cc60000,0x000000002cd60000)]
  0x000000001b391800 JavaThread "pool-83-thread-1" [_thread_blocked, id=13124, stack(0x000000002cb60000,0x000000002cc60000)]
  0x000000001ce47000 JavaThread "Thread-44" [_thread_blocked, id=4400, stack(0x000000001e1e0000,0x000000001e2e0000)]
  0x000000001ce45800 JavaThread "pool-82-thread-1" [_thread_blocked, id=1336, stack(0x000000002c960000,0x000000002ca60000)]
  0x000000001b40d000 JavaThread "pool-81-thread-1" [_thread_blocked, id=11612, stack(0x000000002c860000,0x000000002c960000)]
  0x000000001b400800 JavaThread "Thread-43" [_thread_blocked, id=968, stack(0x000000001cb10000,0x000000001cc10000)]
  0x000000001b40a000 JavaThread "pool-80-thread-1" [_thread_blocked, id=8068, stack(0x000000002c760000,0x000000002c860000)]
  0x000000001b409000 JavaThread "pool-79-thread-1" [_thread_blocked, id=11704, stack(0x000000002c660000,0x000000002c760000)]
  0x000000001b40d800 JavaThread "Thread-42" [_thread_blocked, id=13412, stack(0x000000002c260000,0x000000002c360000)]
  0x000000001b40a800 JavaThread "pool-78-thread-1" [_thread_blocked, id=12388, stack(0x000000002c560000,0x000000002c660000)]
  0x000000001b40c000 JavaThread "pool-77-thread-1" [_thread_blocked, id=11116, stack(0x000000002c460000,0x000000002c560000)]
  0x000000001b408000 JavaThread "Thread-41" [_thread_blocked, id=12940, stack(0x000000002c360000,0x000000002c460000)]
  0x000000001b407800 JavaThread "pool-76-thread-1" [_thread_blocked, id=8632, stack(0x000000002bd70000,0x000000002be70000)]
  0x000000001b406800 JavaThread "pool-75-thread-1" [_thread_blocked, id=3568, stack(0x000000002bc70000,0x000000002bd70000)]
  0x000000001b403800 JavaThread "Thread-40" [_thread_blocked, id=13444, stack(0x000000002b870000,0x000000002b970000)]
  0x000000001b406000 JavaThread "pool-74-thread-1" [_thread_blocked, id=2500, stack(0x000000002bb70000,0x000000002bc70000)]
  0x000000001b405000 JavaThread "pool-73-thread-1" [_thread_blocked, id=9892, stack(0x000000002ba70000,0x000000002bb70000)]
  0x000000001b403000 JavaThread "Thread-39" [_thread_blocked, id=7952, stack(0x000000002b970000,0x000000002ba70000)]
  0x000000001b402000 JavaThread "pool-72-thread-1" [_thread_blocked, id=3412, stack(0x000000002b770000,0x000000002b870000)]
  0x000000001b401800 JavaThread "pool-71-thread-1" [_thread_blocked, id=13628, stack(0x000000002a170000,0x000000002a270000)]
  0x000000001b3fe800 JavaThread "Thread-38" [_thread_blocked, id=10696, stack(0x0000000029e70000,0x0000000029f70000)]
  0x000000001b400000 JavaThread "pool-70-thread-1" [_thread_blocked, id=2428, stack(0x000000002c160000,0x000000002c260000)]
  0x000000001d2da000 JavaThread "pool-69-thread-1" [_thread_blocked, id=3932, stack(0x000000002c060000,0x000000002c160000)]
  0x000000001d2d1000 JavaThread "Thread-37" [_thread_blocked, id=12572, stack(0x000000002bf60000,0x000000002c060000)]
  0x000000001ce3a000 JavaThread "pool-68-thread-1" [_thread_blocked, id=4480, stack(0x000000002b670000,0x000000002b770000)]
  0x000000001d2de800 JavaThread "pool-67-thread-1" [_thread_blocked, id=8332, stack(0x000000002b570000,0x000000002b670000)]
  0x000000001d2d5000 JavaThread "Thread-36" [_thread_blocked, id=10668, stack(0x000000002ab70000,0x000000002ac70000)]
  0x000000001d2de000 JavaThread "pool-66-thread-1" [_thread_blocked, id=12836, stack(0x000000002b470000,0x000000002b570000)]
  0x000000001d2dc800 JavaThread "pool-65-thread-1" [_thread_blocked, id=8144, stack(0x000000002b370000,0x000000002b470000)]
  0x000000001d2dd000 JavaThread "Thread-35" [_thread_blocked, id=3988, stack(0x000000002b270000,0x000000002b370000)]
  0x000000001d2d9800 JavaThread "pool-64-thread-1" [_thread_blocked, id=11144, stack(0x000000002aa70000,0x000000002ab70000)]
  0x000000001d2d2000 JavaThread "pool-63-thread-1" [_thread_blocked, id=10896, stack(0x000000002a970000,0x000000002aa70000)]
  0x000000001d2d8800 JavaThread "Thread-34" [_thread_blocked, id=12560, stack(0x000000002a870000,0x000000002a970000)]
  0x000000001d2db000 JavaThread "pool-62-thread-1" [_thread_blocked, id=9360, stack(0x000000002a770000,0x000000002a870000)]
  0x000000001d2db800 JavaThread "pool-61-thread-1" [_thread_blocked, id=8720, stack(0x000000002a670000,0x000000002a770000)]
  0x000000001d2d0800 JavaThread "Thread-33" [_thread_blocked, id=9100, stack(0x000000002a570000,0x000000002a670000)]
  0x000000001d2d7000 JavaThread "pool-60-thread-1" [_thread_blocked, id=12232, stack(0x000000002a470000,0x000000002a570000)]
  0x000000001d2d2800 JavaThread "pool-59-thread-1" [_thread_blocked, id=14256, stack(0x000000002a370000,0x000000002a470000)]
  0x000000001d2d5800 JavaThread "Thread-32" [_thread_blocked, id=3448, stack(0x000000002a270000,0x000000002a370000)]
  0x000000001d2cf800 JavaThread "pool-58-thread-1" [_thread_blocked, id=5300, stack(0x000000002a070000,0x000000002a170000)]
  0x000000001d2d6800 JavaThread "pool-57-thread-1" [_thread_blocked, id=14280, stack(0x0000000029f70000,0x000000002a070000)]
  0x000000001d2d4000 JavaThread "Thread-31" [_thread_blocked, id=8504, stack(0x000000001dce0000,0x000000001dde0000)]
  0x000000001d2d3800 JavaThread "pool-56-thread-1" [_thread_blocked, id=14232, stack(0x000000002b170000,0x000000002b270000)]
  0x000000001ab91800 JavaThread "pool-55-thread-1" [_thread_blocked, id=2228, stack(0x000000002b070000,0x000000002b170000)]
  0x000000001ab86000 JavaThread "Thread-30" [_thread_blocked, id=7944, stack(0x000000002af70000,0x000000002b070000)]
  0x000000001ab93000 JavaThread "pool-54-thread-1" [_thread_blocked, id=12168, stack(0x0000000029a80000,0x0000000029b80000)]
  0x000000001ab8d800 JavaThread "pool-53-thread-1" [_thread_blocked, id=3948, stack(0x0000000029380000,0x0000000029480000)]
  0x000000001ab92000 JavaThread "Thread-29" [_thread_blocked, id=12676, stack(0x000000001e3e0000,0x000000001e4e0000)]
  0x000000001ab8e800 JavaThread "pool-52-thread-1" [_thread_blocked, id=11840, stack(0x0000000029980000,0x0000000029a80000)]
  0x000000001ab93800 JavaThread "pool-51-thread-1" [_thread_blocked, id=9444, stack(0x0000000029580000,0x0000000029680000)]
  0x000000001ab90800 JavaThread "Thread-28" [_thread_blocked, id=3236, stack(0x0000000029480000,0x0000000029580000)]
  0x000000001ab89000 JavaThread "pool-50-thread-1" [_thread_blocked, id=13928, stack(0x0000000029280000,0x0000000029380000)]
  0x000000001ab90000 JavaThread "pool-49-thread-1" [_thread_blocked, id=9764, stack(0x0000000029180000,0x0000000029280000)]
  0x000000001ab88800 JavaThread "Thread-27" [_thread_blocked, id=11504, stack(0x0000000029080000,0x0000000029180000)]
  0x000000001ab8f000 JavaThread "pool-48-thread-1" [_thread_blocked, id=8792, stack(0x0000000028f80000,0x0000000029080000)]
  0x000000001ab8c000 JavaThread "pool-47-thread-1" [_thread_blocked, id=500, stack(0x0000000028e80000,0x0000000028f80000)]
  0x000000001ab8a800 JavaThread "Thread-26" [_thread_blocked, id=12844, stack(0x0000000028a80000,0x0000000028b80000)]
  0x000000001ab8d000 JavaThread "pool-46-thread-1" [_thread_blocked, id=1252, stack(0x0000000029880000,0x0000000029980000)]
  0x000000001ab85800 JavaThread "pool-45-thread-1" [_thread_blocked, id=8948, stack(0x0000000029780000,0x0000000029880000)]
  0x000000001ab8b800 JavaThread "Thread-25" [_thread_blocked, id=11900, stack(0x0000000029680000,0x0000000029780000)]
  0x000000001ab8a000 JavaThread "pool-44-thread-1" [_thread_blocked, id=5072, stack(0x0000000028d80000,0x0000000028e80000)]
  0x000000001ab87800 JavaThread "pool-43-thread-1" [_thread_blocked, id=9436, stack(0x0000000028c80000,0x0000000028d80000)]
  0x000000001ab87000 JavaThread "Thread-24" [_thread_blocked, id=10440, stack(0x0000000028b80000,0x0000000028c80000)]
  0x000000001ab84800 JavaThread "pool-42-thread-1" [_thread_blocked, id=8680, stack(0x0000000028980000,0x0000000028a80000)]
  0x000000001b391000 JavaThread "pool-41-thread-1" [_thread_blocked, id=12952, stack(0x0000000028880000,0x0000000028980000)]
  0x000000001b628800 JavaThread "Thread-23" [_thread_blocked, id=6932, stack(0x0000000028780000,0x0000000028880000)]
  0x000000001b61a800 JavaThread "pool-40-thread-1" [_thread_blocked, id=9976, stack(0x0000000028680000,0x0000000028780000)]
  0x000000001ce41800 JavaThread "pool-39-thread-1" [_thread_blocked, id=3892, stack(0x0000000028580000,0x0000000028680000)]
  0x000000001ce47800 JavaThread "Thread-22" [_thread_blocked, id=6376, stack(0x0000000028480000,0x0000000028580000)]
  0x000000001ce44800 JavaThread "pool-38-thread-1" [_thread_blocked, id=8080, stack(0x0000000029d70000,0x0000000029e70000)]
  0x000000001ce46000 JavaThread "pool-37-thread-1" [_thread_blocked, id=8212, stack(0x0000000029c70000,0x0000000029d70000)]
  0x000000001ce3e800 JavaThread "Thread-21" [_thread_blocked, id=1352, stack(0x0000000001310000,0x0000000001410000)]
  0x000000001ce3d000 JavaThread "pool-36-thread-1" [_thread_blocked, id=13484, stack(0x0000000027c90000,0x0000000027d90000)]
  0x000000001ce44000 JavaThread "pool-35-thread-1" [_thread_blocked, id=8828, stack(0x0000000027b90000,0x0000000027c90000)]
  0x000000001ce43000 JavaThread "Thread-20" [_thread_blocked, id=3060, stack(0x0000000027a90000,0x0000000027b90000)]
  0x000000001ce41000 JavaThread "pool-34-thread-1" [_thread_blocked, id=12640, stack(0x0000000027990000,0x0000000027a90000)]
  0x000000001ce38800 JavaThread "pool-33-thread-1" [_thread_blocked, id=12332, stack(0x0000000027890000,0x0000000027990000)]
  0x000000001ce3c800 JavaThread "Thread-19" [_thread_blocked, id=12548, stack(0x0000000027790000,0x0000000027890000)]
=>0x000000001ce42800 JavaThread "pool-32-thread-1" [_thread_in_native, id=13160, stack(0x0000000028280000,0x0000000028380000)]
  0x000000001ce39800 JavaThread "pool-31-thread-1" [_thread_blocked, id=10672, stack(0x0000000028180000,0x0000000028280000)]
  0x000000001ce3b800 JavaThread "Thread-18" [_thread_blocked, id=9876, stack(0x0000000027db0000,0x0000000027eb0000)]
  0x000000001ce3b000 JavaThread "pool-30-thread-1" [_thread_blocked, id=1828, stack(0x0000000027690000,0x0000000027790000)]
  0x000000001ce40000 JavaThread "pool-29-thread-1" [_thread_blocked, id=14312, stack(0x0000000027590000,0x0000000027690000)]
  0x000000001ce3f800 JavaThread "Thread-17" [_thread_blocked, id=10928, stack(0x0000000025400000,0x0000000025500000)]
  0x000000001ce3e000 JavaThread "pool-28-thread-1" [_thread_blocked, id=988, stack(0x0000000025300000,0x0000000025400000)]
  0x000000001b38d000 JavaThread "pool-27-thread-1" [_thread_blocked, id=8416, stack(0x0000000025200000,0x0000000025300000)]
  0x000000001d084800 JavaThread "Thread-16" [_thread_blocked, id=7876, stack(0x0000000025100000,0x0000000025200000)]
  0x000000001b625800 JavaThread "pool-26-thread-1" [_thread_blocked, id=13948, stack(0x0000000025000000,0x0000000025100000)]
  0x000000001b629800 JavaThread "pool-25-thread-1" [_thread_blocked, id=13960, stack(0x0000000024f00000,0x0000000025000000)]
  0x000000001b624000 JavaThread "Thread-15" [_thread_blocked, id=11832, stack(0x0000000024e00000,0x0000000024f00000)]
  0x000000001b628000 JavaThread "pool-24-thread-1" [_thread_blocked, id=9924, stack(0x0000000023a30000,0x0000000023b30000)]
  0x000000001b627000 JavaThread "pool-23-thread-1" [_thread_blocked, id=13880, stack(0x0000000023930000,0x0000000023a30000)]
  0x000000001b622800 JavaThread "Thread-14" [_thread_blocked, id=14200, stack(0x000000001f610000,0x000000001f710000)]
  0x000000001b625000 JavaThread "pool-22-thread-1" [_thread_blocked, id=9824, stack(0x000000001c610000,0x000000001c710000)]
  0x000000001b626800 JavaThread "pool-21-thread-1" [_thread_blocked, id=3228, stack(0x000000001a3d0000,0x000000001a4d0000)]
  0x000000001b623800 JavaThread "Thread-13" [_thread_blocked, id=12632, stack(0x0000000001410000,0x0000000001510000)]
  0x000000001b61b000 JavaThread "pool-20-thread-1" [_thread_blocked, id=7428, stack(0x0000000023830000,0x0000000023930000)]
  0x000000001b61f800 JavaThread "pool-19-thread-1" [_thread_blocked, id=12852, stack(0x0000000023730000,0x0000000023830000)]
  0x000000001b622000 JavaThread "Thread-12" [_thread_blocked, id=9612, stack(0x0000000023630000,0x0000000023730000)]
  0x000000001b61e000 JavaThread "pool-18-thread-1" [_thread_blocked, id=13556, stack(0x0000000023530000,0x0000000023630000)]
  0x000000001b61c000 JavaThread "pool-17-thread-1" [_thread_blocked, id=9592, stack(0x0000000023430000,0x0000000023530000)]
  0x000000001b61c800 JavaThread "Thread-11" [_thread_blocked, id=1076, stack(0x0000000023330000,0x0000000023430000)]
  0x000000001b61d800 JavaThread "pool-16-thread-1" [_thread_blocked, id=8204, stack(0x0000000023d30000,0x0000000023e30000)]
  0x000000001b620800 JavaThread "pool-15-thread-1" [_thread_blocked, id=1256, stack(0x0000000023c30000,0x0000000023d30000)]
  0x000000001b390000 JavaThread "Thread-10" [_thread_blocked, id=12212, stack(0x0000000023b30000,0x0000000023c30000)]
  0x000000001d089800 JavaThread "pool-14-thread-1" [_thread_blocked, id=2120, stack(0x0000000023230000,0x0000000023330000)]
  0x000000001d08d800 JavaThread "pool-13-thread-1" [_thread_blocked, id=1328, stack(0x0000000023130000,0x0000000023230000)]
  0x000000001d089000 JavaThread "Thread-9" [_thread_blocked, id=5656, stack(0x0000000023030000,0x0000000023130000)]
  0x000000001d088000 JavaThread "pool-12-thread-1" [_thread_blocked, id=8344, stack(0x0000000022f30000,0x0000000023030000)]
  0x000000001d08c000 JavaThread "pool-11-thread-1" [_thread_blocked, id=3284, stack(0x0000000022d20000,0x0000000022e20000)]
  0x000000001d08b000 JavaThread "Thread-8" [_thread_blocked, id=9452, stack(0x0000000022c20000,0x0000000022d20000)]
  0x000000001d08a800 JavaThread "pool-10-thread-1" [_thread_blocked, id=8528, stack(0x0000000022b20000,0x0000000022c20000)]
  0x000000001d080800 JavaThread "pool-9-thread-1" [_thread_blocked, id=8020, stack(0x0000000022a20000,0x0000000022b20000)]
  0x000000001d083000 JavaThread "Thread-7" [_thread_blocked, id=8668, stack(0x0000000022920000,0x0000000022a20000)]
  0x000000001d082000 JavaThread "pool-8-thread-1" [_thread_blocked, id=6644, stack(0x00000000215f0000,0x00000000216f0000)]
  0x000000001d087800 JavaThread "pool-7-thread-1" [_thread_blocked, id=1144, stack(0x00000000214f0000,0x00000000215f0000)]
  0x000000001d080000 JavaThread "Thread-6" [_thread_blocked, id=12724, stack(0x0000000021020000,0x0000000021120000)]
  0x000000001d07f000 JavaThread "pool-6-thread-1" [_thread_blocked, id=7872, stack(0x0000000020f20000,0x0000000021020000)]
  0x000000001d086000 JavaThread "pool-5-thread-1" [_thread_blocked, id=14204, stack(0x000000001fb30000,0x000000001fc30000)]
  0x000000001d07e000 JavaThread "Thread-5" [_thread_blocked, id=6424, stack(0x000000001fa30000,0x000000001fb30000)]
  0x000000001d083800 JavaThread "pool-4-thread-1" [_thread_blocked, id=9864, stack(0x00000000213f0000,0x00000000214f0000)]
  0x000000001d085000 JavaThread "pool-3-thread-1" [_thread_blocked, id=6296, stack(0x00000000212f0000,0x00000000213f0000)]
  0x000000001d081800 JavaThread "Thread-4" [_thread_blocked, id=6660, stack(0x00000000211f0000,0x00000000212f0000)]
  0x000000001b38e000 JavaThread "pool-2-thread-1" [_thread_blocked, id=13980, stack(0x0000000020030000,0x0000000020130000)]
  0x000000001b38c800 JavaThread "pool-1-thread-1" [_thread_blocked, id=12796, stack(0x000000001ff30000,0x0000000020030000)]
  0x000000001b38f800 JavaThread "Thread-2" [_thread_blocked, id=7812, stack(0x000000001fe30000,0x000000001ff30000)]
  0x000000001b38b800 JavaThread "AWT-Windows" daemon [_thread_in_native, id=9304, stack(0x000000001f750000,0x000000001f850000)]
  0x000000001b38e800 JavaThread "Java2D Disposer" daemon [_thread_blocked, id=13000, stack(0x000000001cc10000,0x000000001cd10000)]
  0x000000001b392800 JavaThread "Okio Watchdog" daemon [_thread_blocked, id=5920, stack(0x000000001e2e0000,0x000000001e3e0000)]
  0x000000001b06d000 JavaThread "Exec Stream Pumper" daemon [_thread_in_native, id=13624, stack(0x000000001ca10000,0x000000001cb10000)]
  0x000000001b069000 JavaThread "Exec Stream Pumper" daemon [_thread_in_native, id=1464, stack(0x000000001c910000,0x000000001ca10000)]
  0x000000001b07b800 JavaThread "Exec Default Executor" daemon [_thread_in_native, id=4228, stack(0x000000001c510000,0x000000001c610000)]
  0x000000001b456800 JavaThread "Abandoned connection cleanup thread" daemon [_thread_blocked, id=9704, stack(0x000000001bae0000,0x000000001bbe0000)]
  0x000000001a0ee800 JavaThread "ReaderThread" [_thread_in_native, id=1852, stack(0x000000001a810000,0x000000001a910000)]
  0x0000000017cce800 JavaThread "Service Thread" daemon [_thread_blocked, id=10368, stack(0x00000000199d0000,0x0000000019ad0000)]
  0x0000000017c82800 JavaThread "C1 CompilerThread2" daemon [_thread_blocked, id=11848, stack(0x00000000194d0000,0x00000000195d0000)]
  0x0000000017c7e000 JavaThread "C2 CompilerThread1" daemon [_thread_blocked, id=6912, stack(0x00000000193d0000,0x00000000194d0000)]
  0x0000000017c76800 JavaThread "C2 CompilerThread0" daemon [_thread_blocked, id=1804, stack(0x00000000192d0000,0x00000000193d0000)]
  0x0000000017c74800 JavaThread "Attach Listener" daemon [_thread_blocked, id=3116, stack(0x00000000191d0000,0x00000000192d0000)]
  0x0000000017c73000 JavaThread "Signal Dispatcher" daemon [_thread_blocked, id=11940, stack(0x00000000190d0000,0x00000000191d0000)]
  0x0000000017c60000 JavaThread "Finalizer" daemon [_thread_blocked, id=12080, stack(0x0000000018ed0000,0x0000000018fd0000)]
  0x00000000030f7800 JavaThread "Reference Handler" daemon [_thread_blocked, id=7392, stack(0x0000000018dd0000,0x0000000018ed0000)]
  0x0000000003007000 JavaThread "main" [_thread_blocked, id=14120, stack(0x0000000002e80000,0x0000000002f80000)]

Other Threads:
  0x0000000017c38800 VMThread [stack: 0x0000000018cd0000,0x0000000018dd0000] [id=10760]
  0x0000000019654000 WatcherThread [stack: 0x0000000019ad0000,0x0000000019bd0000] [id=10168]

VM state:at safepoint (normal execution)

VM Mutex/Monitor currently owned by a thread:  ([mutex/lock_event])
[0x0000000003004490] Threads_lock - owner thread: 0x0000000017c38800
[0x0000000003003690] Heap_lock - owner thread: 0x000000001d08c000

OutOfMemory and StackOverflow Exception counts:
OutOfMemoryError java_heap_errors=32

heap address: 0x0000000081400000, size: 2028 MB, Compressed Oops mode: 32-bit
Narrow klass base: 0x0000000000000000, Narrow klass shift: 3
Compressed class space size: 1073741824 Address: 0x0000000100000000

Heap:
 PSYoungGen      total 461824K, used 231424K [0x00000000d5c00000, 0x0000000100000000, 0x0000000100000000)
  eden space 231424K, 100% used [0x00000000d5c00000,0x00000000e3e00000,0x00000000e3e00000)
  from space 230400K, 0% used [0x00000000e3e00000,0x00000000e3e00000,0x00000000f1f00000)
  to   space 230400K, 0% used [0x00000000f1f00000,0x00000000f1f00000,0x0000000100000000)
 ParOldGen       total 1384448K, used 1378999K [0x0000000081400000, 0x00000000d5c00000, 0x00000000d5c00000)
  object space 1384448K, 99% used [0x0000000081400000,0x00000000d56adcc0,0x00000000d5c00000)
 Metaspace       used 37342K, capacity 38468K, committed 38656K, reserved 1083392K
  class space    used 4294K, capacity 4566K, committed 4608K, reserved 1048576K

Card table byte_map: [0x00000000124c0000,0x00000000128c0000] byte_map_base: 0x00000000120b6000

Marking Bits: (ParMarkBitMap*) 0x0000000070d15ce0
 Begin Bits: [0x0000000012f70000, 0x0000000014f20000)
 End Bits:   [0x0000000014f20000, 0x0000000016ed0000)

Polling page: 0x0000000001130000

CodeCache: size=245760Kb used=21497Kb max_used=21524Kb free=224262Kb
 bounds [0x0000000003100000, 0x0000000004640000, 0x0000000012100000]
 total_blobs=6744 nmethods=6132 adapters=524
 compilation: enabled

Compilation events (10 events):
Event: 826.790 Thread 0x0000000017c82800 nmethod 7815 0x0000000003c65d90 code [0x0000000003c66040, 0x0000000003c672e8]
Event: 826.790 Thread 0x0000000017c7e000 nmethod 7817 0x0000000003ed81d0 code [0x0000000003ed8300, 0x0000000003ed8378]
Event: 826.792 Thread 0x0000000017c82800 7816       3       sun.reflect.annotation.AnnotationParser::toClass (32 bytes)
Event: 826.793 Thread 0x0000000017c82800 nmethod 7816 0x0000000003295d50 code [0x0000000003295f60, 0x0000000003296b88]
Event: 826.803 Thread 0x0000000017c82800 7818  s    1       org.testng.SuiteRunState::isFailed (5 bytes)
Event: 826.804 Thread 0x0000000017c82800 nmethod 7818 0x0000000003b5dfd0 code [0x0000000003b5e120, 0x0000000003b5e390]
Event: 826.806 Thread 0x0000000017c76800 7819   !   4       java.util.zip.Inflater::reset (69 bytes)
Event: 826.811 Thread 0x0000000017c76800 nmethod 7819 0x000000000461b990 code [0x000000000461bae0, 0x000000000461bec8]
Event: 827.239 Thread 0x0000000017c82800 7820       1       org.apache.poi.xssf.usermodel.XSSFFont::setThemesTable (6 bytes)
Event: 827.240 Thread 0x0000000017c82800 nmethod 7820 0x00000000045f5c10 code [0x00000000045f5d60, 0x00000000045f5e90]

GC Heap History (10 events):
Event: 829.476 GC heap after
Heap after GC invocations=383 (full 342):
 PSYoungGen      total 461824K, used 231422K [0x00000000d5c00000, 0x0000000100000000, 0x0000000100000000)
  eden space 231424K, 99% used [0x00000000d5c00000,0x00000000e3dff958,0x00000000e3e00000)
  from space 230400K, 0% used [0x00000000e3e00000,0x00000000e3e00000,0x00000000f1f00000)
  to   space 230400K, 0% used [0x00000000f1f00000,0x00000000f1f00000,0x0000000100000000)
 ParOldGen       total 1384448K, used 1378999K [0x0000000081400000, 0x00000000d5c00000, 0x00000000d5c00000)
  object space 1384448K, 99% used [0x0000000081400000,0x00000000d56adce0,0x00000000d5c00000)
 Metaspace       used 37342K, capacity 38468K, committed 38656K, reserved 1083392K
  class space    used 4294K, capacity 4566K, committed 4608K, reserved 1048576K
}
Event: 829.477 GC heap before
{Heap before GC invocations=384 (full 343):
 PSYoungGen      total 461824K, used 231424K [0x00000000d5c00000, 0x0000000100000000, 0x0000000100000000)
  eden space 231424K, 100% used [0x00000000d5c00000,0x00000000e3e00000,0x00000000e3e00000)
  from space 230400K, 0% used [0x00000000e3e00000,0x00000000e3e00000,0x00000000f1f00000)
  to   space 230400K, 0% used [0x00000000f1f00000,0x00000000f1f00000,0x0000000100000000)
 ParOldGen       total 1384448K, used 1378999K [0x0000000081400000, 0x00000000d5c00000, 0x00000000d5c00000)
  object space 1384448K, 99% used [0x0000000081400000,0x00000000d56adce0,0x00000000d5c00000)
 Metaspace       used 37342K, capacity 38468K, committed 38656K, reserved 1083392K
  class space    used 4294K, capacity 4566K, committed 4608K, reserved 1048576K
Event: 829.580 GC heap after
Heap after GC invocations=384 (full 343):
 PSYoungGen      total 461824K, used 231422K [0x00000000d5c00000, 0x0000000100000000, 0x0000000100000000)
  eden space 231424K, 99% used [0x00000000d5c00000,0x00000000e3dff970,0x00000000e3e00000)
  from space 230400K, 0% used [0x00000000e3e00000,0x00000000e3e00000,0x00000000f1f00000)
  to   space 230400K, 0% used [0x00000000f1f00000,0x00000000f1f00000,0x0000000100000000)
 ParOldGen       total 1384448K, used 1378999K [0x0000000081400000, 0x00000000d5c00000, 0x00000000d5c00000)
  object space 1384448K, 99% used [0x0000000081400000,0x00000000d56adce0,0x00000000d5c00000)
 Metaspace       used 37342K, capacity 38468K, committed 38656K, reserved 1083392K
  class space    used 4294K, capacity 4566K, committed 4608K, reserved 1048576K
}
Event: 829.580 GC heap before
{Heap before GC invocations=385 (full 344):
 PSYoungGen      total 461824K, used 231424K [0x00000000d5c00000, 0x0000000100000000, 0x0000000100000000)
  eden space 231424K, 100% used [0x00000000d5c00000,0x00000000e3e00000,0x00000000e3e00000)
  from space 230400K, 0% used [0x00000000e3e00000,0x00000000e3e00000,0x00000000f1f00000)
  to   space 230400K, 0% used [0x00000000f1f00000,0x00000000f1f00000,0x0000000100000000)
 ParOldGen       total 1384448K, used 1378999K [0x0000000081400000, 0x00000000d5c00000, 0x00000000d5c00000)
  object space 1384448K, 99% used [0x0000000081400000,0x00000000d56adce0,0x00000000d5c00000)
 Metaspace       used 37342K, capacity 38468K, committed 38656K, reserved 1083392K
  class space    used 4294K, capacity 4566K, committed 4608K, reserved 1048576K
Event: 829.700 GC heap after
Heap after GC invocations=385 (full 344):
 PSYoungGen      total 461824K, used 231422K [0x00000000d5c00000, 0x0000000100000000, 0x0000000100000000)
  eden space 231424K, 99% used [0x00000000d5c00000,0x00000000e3dff8b8,0x00000000e3e00000)
  from space 230400K, 0% used [0x00000000e3e00000,0x00000000e3e00000,0x00000000f1f00000)
  to   space 230400K, 0% used [0x00000000f1f00000,0x00000000f1f00000,0x0000000100000000)
 ParOldGen       total 1384448K, used 1378999K [0x0000000081400000, 0x00000000d5c00000, 0x00000000d5c00000)
  object space 1384448K, 99% used [0x0000000081400000,0x00000000d56adce0,0x00000000d5c00000)
 Metaspace       used 37342K, capacity 38468K, committed 38656K, reserved 1083392K
  class space    used 4294K, capacity 4566K, committed 4608K, reserved 1048576K
}
Event: 829.701 GC heap before
{Heap before GC invocations=386 (full 345):
 PSYoungGen      total 461824K, used 231424K [0x00000000d5c00000, 0x0000000100000000, 0x0000000100000000)
  eden space 231424K, 100% used [0x00000000d5c00000,0x00000000e3e00000,0x00000000e3e00000)
  from space 230400K, 0% used [0x00000000e3e00000,0x00000000e3e00000,0x00000000f1f00000)
  to   space 230400K, 0% used [0x00000000f1f00000,0x00000000f1f00000,0x0000000100000000)
 ParOldGen       total 1384448K, used 1378999K [0x0000000081400000, 0x00000000d5c00000, 0x00000000d5c00000)
  object space 1384448K, 99% used [0x0000000081400000,0x00000000d56adce0,0x00000000d5c00000)
 Metaspace       used 37342K, capacity 38468K, committed 38656K, reserved 1083392K
  class space    used 4294K, capacity 4566K, committed 4608K, reserved 1048576K
Event: 829.820 GC heap after
Heap after GC invocations=386 (full 345):
 PSYoungGen      total 461824K, used 231422K [0x00000000d5c00000, 0x0000000100000000, 0x0000000100000000)
  eden space 231424K, 99% used [0x00000000d5c00000,0x00000000e3dff8b0,0x00000000e3e00000)
  from space 230400K, 0% used [0x00000000e3e00000,0x00000000e3e00000,0x00000000f1f00000)
  to   space 230400K, 0% used [0x00000000f1f00000,0x00000000f1f00000,0x0000000100000000)
 ParOldGen       total 1384448K, used 1378999K [0x0000000081400000, 0x00000000d5c00000, 0x00000000d5c00000)
  object space 1384448K, 99% used [0x0000000081400000,0x00000000d56adce0,0x00000000d5c00000)
 Metaspace       used 37342K, capacity 38468K, committed 38656K, reserved 1083392K
  class space    used 4294K, capacity 4566K, committed 4608K, reserved 1048576K
}
Event: 829.820 GC heap before
{Heap before GC invocations=387 (full 346):
 PSYoungGen      total 461824K, used 231424K [0x00000000d5c00000, 0x0000000100000000, 0x0000000100000000)
  eden space 231424K, 100% used [0x00000000d5c00000,0x00000000e3e00000,0x00000000e3e00000)
  from space 230400K, 0% used [0x00000000e3e00000,0x00000000e3e00000,0x00000000f1f00000)
  to   space 230400K, 0% used [0x00000000f1f00000,0x00000000f1f00000,0x0000000100000000)
 ParOldGen       total 1384448K, used 1378999K [0x0000000081400000, 0x00000000d5c00000, 0x00000000d5c00000)
  object space 1384448K, 99% used [0x0000000081400000,0x00000000d56adce0,0x00000000d5c00000)
 Metaspace       used 37342K, capacity 38468K, committed 38656K, reserved 1083392K
  class space    used 4294K, capacity 4566K, committed 4608K, reserved 1048576K
Event: 829.926 GC heap after
Heap after GC invocations=387 (full 346):
 PSYoungGen      total 461824K, used 231422K [0x00000000d5c00000, 0x0000000100000000, 0x0000000100000000)
  eden space 231424K, 99% used [0x00000000d5c00000,0x00000000e3dff878,0x00000000e3e00000)
  from space 230400K, 0% used [0x00000000e3e00000,0x00000000e3e00000,0x00000000f1f00000)
  to   space 230400K, 0% used [0x00000000f1f00000,0x00000000f1f00000,0x0000000100000000)
 ParOldGen       total 1384448K, used 1378999K [0x0000000081400000, 0x00000000d5c00000, 0x00000000d5c00000)
  object space 1384448K, 99% used [0x0000000081400000,0x00000000d56adcc0,0x00000000d5c00000)
 Metaspace       used 37342K, capacity 38468K, committed 38656K, reserved 1083392K
  class space    used 4294K, capacity 4566K, committed 4608K, reserved 1048576K
}
Event: 829.926 GC heap before
{Heap before GC invocations=388 (full 347):
 PSYoungGen      total 461824K, used 231424K [0x00000000d5c00000, 0x0000000100000000, 0x0000000100000000)
  eden space 231424K, 100% used [0x00000000d5c00000,0x00000000e3e00000,0x00000000e3e00000)
  from space 230400K, 0% used [0x00000000e3e00000,0x00000000e3e00000,0x00000000f1f00000)
  to   space 230400K, 0% used [0x00000000f1f00000,0x00000000f1f00000,0x0000000100000000)
 ParOldGen       total 1384448K, used 1378999K [0x0000000081400000, 0x00000000d5c00000, 0x00000000d5c00000)
  object space 1384448K, 99% used [0x0000000081400000,0x00000000d56adcc0,0x00000000d5c00000)
 Metaspace       used 37342K, capacity 38468K, committed 38656K, reserved 1083392K
  class space    used 4294K, capacity 4566K, committed 4608K, reserved 1048576K

Deoptimization events (10 events):
Event: 612.617 Thread 0x000000001ea0f800 Uncommon trap: reason=null_check action=maybe_recompile pc=0x0000000003fa6df8 method=org.monte.screenrecorder.ScreenRecorder$ScreenGrabber.run()V @ 16
Event: 650.029 Thread 0x000000001ab93800 Uncommon trap: reason=null_check action=maybe_recompile pc=0x0000000003fa6df8 method=org.monte.screenrecorder.ScreenRecorder$ScreenGrabber.run()V @ 16
Event: 653.173 Thread 0x000000001ab90000 Uncommon trap: reason=null_check action=maybe_recompile pc=0x0000000003f97f84 method=org.monte.screenrecorder.ScreenRecorder$ScreenGrabber.run()V @ 16
Event: 653.174 Thread 0x000000001ab90000 Uncommon trap: reason=unstable_if action=reinterpret pc=0x0000000003f71ad4 method=java.util.concurrent.FutureTask.runAndReset()Z @ 115
Event: 701.288 Thread 0x000000001d85b000 Uncommon trap: reason=unstable_if action=reinterpret pc=0x0000000003d3f9cc method=java.util.concurrent.ThreadPoolExecutor$Worker.tryAcquire(I)Z @ 6
Event: 701.288 Thread 0x000000001d85b000 Uncommon trap: reason=unstable_if action=reinterpret pc=0x0000000004430714 method=java.util.concurrent.locks.ReentrantLock$Sync.tryRelease(I)Z @ 28
Event: 701.288 Thread 0x000000001d85b000 Uncommon trap: reason=unstable_if action=reinterpret pc=0x0000000003d328cc method=java.util.concurrent.locks.ReentrantLock$Sync.tryRelease(I)Z @ 28
Event: 701.288 Thread 0x000000001d85b000 Uncommon trap: reason=unstable_if action=reinterpret pc=0x0000000003c01c74 method=java.util.concurrent.ThreadPoolExecutor.getTask()Ljava/lang/Runnable; @ 16
Event: 703.535 Thread 0x0000000003007000 Uncommon trap: reason=unstable_if action=reinterpret pc=0x0000000003cd02e4 method=java.lang.ref.SoftReference.get()Ljava/lang/Object; @ 6
Event: 738.460 Thread 0x0000000003007000 Uncommon trap: reason=null_check action=make_not_entrant pc=0x00000000036e33e4 method=org.testng.shaded.com.google.gson.internal.Excluder.isAnonymousOrLocal(Ljava/lang/Class;)Z @ 3

Classes redefined (0 events):
No events

Internal exceptions (10 events):
Event: 769.396 Thread 0x000000001b629800 Exception <a 'java/lang/OutOfMemoryError'> (0x000000008177a0c0) thrown at [C:\re\workspace\8-2-build-windows-amd64-cygwin\jdk8u221\13320\hotspot\src\share\vm\gc_interface/collectedHeap.inline.hpp, line 159]
Event: 769.723 Thread 0x000000001d866000 Exception <a 'java/lang/OutOfMemoryError'> (0x000000008177a0c0) thrown at [C:\re\workspace\8-2-build-windows-amd64-cygwin\jdk8u221\13320\hotspot\src\share\vm\gc_interface/collectedHeap.inline.hpp, line 159]
Event: 782.334 Thread 0x000000001d08d800 Exception <a 'java/lang/OutOfMemoryError'> (0x000000008177a0c0) thrown at [C:\re\workspace\8-2-build-windows-amd64-cygwin\jdk8u221\13320\hotspot\src\share\vm\gc_interface/collectedHeap.inline.hpp, line 159]
Event: 782.336 Thread 0x0000000003007000 Exception <a 'java/lang/OutOfMemoryError'> (0x000000008177a0c0) thrown at [C:\re\workspace\8-2-build-windows-amd64-cygwin\jdk8u221\13320\hotspot\src\share\vm\gc_interface/collectedHeap.inline.hpp, line 159]
Event: 795.980 Thread 0x000000001b61c000 Exception <a 'java/lang/OutOfMemoryError'> (0x000000008177a0c0) thrown at [C:\re\workspace\8-2-build-windows-amd64-cygwin\jdk8u221\13320\hotspot\src\share\vm\gc_interface/collectedHeap.inline.hpp, line 159]
Event: 803.454 Thread 0x000000001aa2b000 Exception <a 'java/lang/OutOfMemoryError'> (0x000000008177a0c0) thrown at [C:\re\workspace\8-2-build-windows-amd64-cygwin\jdk8u221\13320\hotspot\src\share\vm\gc_interface/collectedHeap.inline.hpp, line 159]
Event: 806.970 Thread 0x000000001aa1c000 Exception <a 'java/lang/OutOfMemoryError'> (0x000000008177a0c0) thrown at [C:\re\workspace\8-2-build-windows-amd64-cygwin\jdk8u221\13320\hotspot\src\share\vm\gc_interface/collectedHeap.inline.hpp, line 159]
Event: 810.289 Thread 0x0000000003007000 Exception <a 'java/lang/OutOfMemoryError'> (0x000000008177a0c0) thrown at [C:\re\workspace\8-2-build-windows-amd64-cygwin\jdk8u221\13320\hotspot\src\share\vm\gc_interface/collectedHeap.inline.hpp, line 159]
Event: 821.995 Thread 0x0000000003007000 Exception <a 'java/lang/OutOfMemoryError'> (0x000000008177a0c0) thrown at [C:\re\workspace\8-2-build-windows-amd64-cygwin\jdk8u221\13320\hotspot\src\share\vm\gc_interface/collectedHeap.inline.hpp, line 159]
Event: 829.820 Thread 0x000000001ce42800 Exception <a 'java/lang/OutOfMemoryError'> (0x000000008177a140) thrown at [C:\re\workspace\8-2-build-windows-amd64-cygwin\jdk8u221\13320\hotspot\src\share\vm\gc_interface/collectedHeap.inline.hpp, line 170]

Events (10 events):
Event: 829.476 Executing VM operation: ParallelGCFailedAllocation done
Event: 829.476 Executing VM operation: ParallelGCFailedAllocation
Event: 829.580 Executing VM operation: ParallelGCFailedAllocation done
Event: 829.580 Executing VM operation: ParallelGCFailedAllocation
Event: 829.700 Executing VM operation: ParallelGCFailedAllocation done
Event: 829.700 Executing VM operation: ParallelGCFailedAllocation
Event: 829.820 Executing VM operation: ParallelGCFailedAllocation done
Event: 829.820 Executing VM operation: ParallelGCFailedAllocation
Event: 829.926 Executing VM operation: ParallelGCFailedAllocation done
Event: 829.926 Executing VM operation: ParallelGCFailedAllocation


Dynamic libraries:
0x00007ff64cc40000 - 0x00007ff64cc77000 	C:\Program Files\Java\jre1.8.0_221\bin\javaw.exe
0x00007ffbff1c0000 - 0x00007ffbff3b0000 	C:\WINDOWS\SYSTEM32\ntdll.dll
0x00007ffbfdbd0000 - 0x00007ffbfdc82000 	C:\WINDOWS\System32\KERNEL32.DLL
0x00007ffbfcd30000 - 0x00007ffbfcfd3000 	C:\WINDOWS\System32\KERNELBASE.dll
0x00007ffbfeb70000 - 0x00007ffbfec13000 	C:\WINDOWS\System32\ADVAPI32.dll
0x00007ffbfeda0000 - 0x00007ffbfee3e000 	C:\WINDOWS\System32\msvcrt.dll
0x00007ffbfd2e0000 - 0x00007ffbfd377000 	C:\WINDOWS\System32\sechost.dll
0x00007ffbfea40000 - 0x00007ffbfeb60000 	C:\WINDOWS\System32\RPCRT4.dll
0x00007ffbfe2b0000 - 0x00007ffbfe444000 	C:\WINDOWS\System32\USER32.dll
0x00007ffbfcfe0000 - 0x00007ffbfd001000 	C:\WINDOWS\System32\win32u.dll
0x00007ffbfe630000 - 0x00007ffbfe656000 	C:\WINDOWS\System32\GDI32.dll
0x00007ffbfc1d0000 - 0x00007ffbfc364000 	C:\WINDOWS\System32\gdi32full.dll
0x00007ffbfc370000 - 0x00007ffbfc40e000 	C:\WINDOWS\System32\msvcp_win.dll
0x00007ffbfc410000 - 0x00007ffbfc50a000 	C:\WINDOWS\System32\ucrtbase.dll
0x00007ffbed7e0000 - 0x00007ffbeda65000 	C:\WINDOWS\WinSxS\amd64_microsoft.windows.common-controls_6595b64144ccf1df_6.0.18362.535_none_e6c3b34713100821\COMCTL32.dll
0x00007ffbfe690000 - 0x00007ffbfe9c6000 	C:\WINDOWS\System32\combase.dll
0x00007ffbfc150000 - 0x00007ffbfc1d0000 	C:\WINDOWS\System32\bcryptPrimitives.dll
0x00007ffbfe660000 - 0x00007ffbfe68e000 	C:\WINDOWS\System32\IMM32.DLL
0x0000000071760000 - 0x0000000071832000 	C:\Program Files\Java\jre1.8.0_221\bin\msvcr100.dll
0x00000000704f0000 - 0x0000000070d95000 	C:\Program Files\Java\jre1.8.0_221\bin\server\jvm.dll
0x00007ffbfeb60000 - 0x00007ffbfeb68000 	C:\WINDOWS\System32\PSAPI.DLL
0x00007ffbe2420000 - 0x00007ffbe2429000 	C:\WINDOWS\SYSTEM32\WSOCK32.dll
0x00007ffbfec20000 - 0x00007ffbfec8f000 	C:\WINDOWS\System32\WS2_32.dll
0x00007ffbf8ae0000 - 0x00007ffbf8b04000 	C:\WINDOWS\SYSTEM32\WINMM.dll
0x00007ffbf0f40000 - 0x00007ffbf0f4a000 	C:\WINDOWS\SYSTEM32\VERSION.dll
0x00007ffbf8ab0000 - 0x00007ffbf8add000 	C:\WINDOWS\SYSTEM32\winmmbase.dll
0x00007ffbfc510000 - 0x00007ffbfc55a000 	C:\WINDOWS\System32\cfgmgr32.dll
0x00007ffbadd00000 - 0x00007ffbadd0f000 	C:\Program Files\Java\jre1.8.0_221\bin\verify.dll
0x00007ffba5580000 - 0x00007ffba55a9000 	C:\Program Files\Java\jre1.8.0_221\bin\java.dll
0x00007ffb9a5e0000 - 0x00007ffb9a5f6000 	C:\Program Files\Java\jre1.8.0_221\bin\zip.dll
0x00007ffbfd380000 - 0x00007ffbfda65000 	C:\WINDOWS\System32\SHELL32.dll
0x00007ffbfef80000 - 0x00007ffbff029000 	C:\WINDOWS\System32\shcore.dll
0x00007ffbfc560000 - 0x00007ffbfccdf000 	C:\WINDOWS\System32\windows.storage.dll
0x00007ffbfc110000 - 0x00007ffbfc12f000 	C:\WINDOWS\System32\profapi.dll
0x00007ffbfc0a0000 - 0x00007ffbfc0ea000 	C:\WINDOWS\System32\powrprof.dll
0x00007ffbfc090000 - 0x00007ffbfc0a0000 	C:\WINDOWS\System32\UMPDC.dll
0x00007ffbfd270000 - 0x00007ffbfd2c2000 	C:\WINDOWS\System32\shlwapi.dll
0x00007ffbfc130000 - 0x00007ffbfc141000 	C:\WINDOWS\System32\kernel.appcore.dll
0x00007ffbfcce0000 - 0x00007ffbfccf7000 	C:\WINDOWS\System32\cryptsp.dll
0x00007ffb9a5c0000 - 0x00007ffb9a5da000 	C:\Program Files\Java\jre1.8.0_221\bin\net.dll
0x00007ffbece30000 - 0x00007ffbed006000 	C:\WINDOWS\SYSTEM32\urlmon.dll
0x00007ffbedbe0000 - 0x00007ffbede86000 	C:\WINDOWS\SYSTEM32\iertutil.dll
0x00007ffbfbad0000 - 0x00007ffbfbadc000 	C:\WINDOWS\SYSTEM32\CRYPTBASE.DLL
0x00007ffbfb900000 - 0x00007ffbfb967000 	C:\WINDOWS\system32\mswsock.dll
0x00007ffbfb650000 - 0x00007ffbfb71a000 	C:\WINDOWS\SYSTEM32\DNSAPI.dll
0x00007ffbfdb40000 - 0x00007ffbfdb48000 	C:\WINDOWS\System32\NSI.dll
0x00007ffbfb610000 - 0x00007ffbfb64a000 	C:\WINDOWS\SYSTEM32\IPHLPAPI.DLL
0x00007ffbf0f50000 - 0x00007ffbf0f5a000 	C:\Windows\System32\rasadhlp.dll
0x00007ffbf6650000 - 0x00007ffbf66c7000 	C:\WINDOWS\System32\fwpuclnt.dll
0x00007ffbfcd00000 - 0x00007ffbfcd26000 	C:\WINDOWS\System32\bcrypt.dll
0x00007ffbfb200000 - 0x00007ffbfb233000 	C:\WINDOWS\system32\rsaenh.dll
0x00007ffbfbf80000 - 0x00007ffbfbfa5000 	C:\WINDOWS\SYSTEM32\USERENV.dll
0x00007ffbf5650000 - 0x00007ffbf5666000 	C:\WINDOWS\SYSTEM32\dhcpcsvc6.DLL
0x00007ffbf4ae0000 - 0x00007ffbf4afc000 	C:\WINDOWS\SYSTEM32\dhcpcsvc.DLL
0x00007ffb9a5a0000 - 0x00007ffb9a5b2000 	C:\Program Files\Java\jre1.8.0_221\bin\nio.dll
0x00007ffbe2400000 - 0x00007ffbe2416000 	C:\WINDOWS\system32\napinsp.dll
0x00007ffbdf7c0000 - 0x00007ffbdf7da000 	C:\WINDOWS\system32\pnrpnsp.dll
0x00007ffbe23f0000 - 0x00007ffbe23fe000 	C:\WINDOWS\System32\winrnr.dll
0x00007ffbf8530000 - 0x00007ffbf854c000 	C:\WINDOWS\system32\NLAapi.dll
0x00007ffbf79e0000 - 0x00007ffbf79f5000 	C:\WINDOWS\system32\wshbth.dll
0x000000006d580000 - 0x000000006d63d000 	C:\Users\padmaja\AppData\Local\Temp\sqlite-3.8.11.2-ce89b99d-0b9c-42bf-a926-43d6b17c44ae-sqlitejdbc.dll
0x00007ffbf8bb0000 - 0x00007ffbf8bd4000 	C:\Program Files\Java\jre1.8.0_221\bin\sunec.dll
0x00007ffbc0b40000 - 0x00007ffbc0cd9000 	C:\Program Files\Java\jre1.8.0_221\bin\awt.dll
0x00007ffbfda70000 - 0x00007ffbfdb34000 	C:\WINDOWS\System32\OLEAUT32.dll
0x00007ffbf9fc0000 - 0x00007ffbfa04f000 	C:\WINDOWS\SYSTEM32\apphelp.dll
0x00007ffbfa1a0000 - 0x00007ffbfa239000 	C:\WINDOWS\system32\uxtheme.dll
0x00007ffbfee40000 - 0x00007ffbfef75000 	C:\WINDOWS\System32\MSCTF.dll
0x00007ffbfe4d0000 - 0x00007ffbfe626000 	C:\WINDOWS\System32\ole32.dll
0x00007ffbfa790000 - 0x00007ffbfa7bd000 	C:\WINDOWS\system32\DWMAPI.DLL
0x00007ffbf5430000 - 0x00007ffbf5586000 	C:\WINDOWS\system32\opengl32.dll
0x00007ffbcf570000 - 0x00007ffbcf59c000 	C:\WINDOWS\SYSTEM32\GLU32.dll
0x00007ffbfabd0000 - 0x00007ffbfabf0000 	C:\WINDOWS\SYSTEM32\dxcore.dll
0x00007ffbe87c0000 - 0x00007ffbe89b4000 	C:\WINDOWS\SYSTEM32\dbghelp.dll

VM Arguments:
jvm_args: -ea -Dfile.encoding=Cp1252 
java_command: org.testng.remote.RemoteTestNG -serport 49605 -protocol json -d C:\Users\padmaja\git\ZestIOTAutomation\test-output C:\Users\padmaja\AppData\Local\Temp\testng-eclipse-17992172\testng-customsuite.xml
java_class_path (initial): C:\Users\padmaja\.p2\pool\plugins\org.testng.eclipse_6.10.0.201612030230\lib\testng-remote.jar;C:\Program Files\Java\jre1.8.0_221\lib\resources.jar;C:\Program Files\Java\jre1.8.0_221\lib\rt.jar;C:\Program Files\Java\jre1.8.0_221\lib\jsse.jar;C:\Program Files\Java\jre1.8.0_221\lib\jce.jar;C:\Program Files\Java\jre1.8.0_221\lib\charsets.jar;C:\Program Files\Java\jre1.8.0_221\lib\jfr.jar;C:\Program Files\Java\jre1.8.0_221\lib\ext\access-bridge-64.jar;C:\Program Files\Java\jre1.8.0_221\lib\ext\cldrdata.jar;C:\Program Files\Java\jre1.8.0_221\lib\ext\dnsns.jar;C:\Program Files\Java\jre1.8.0_221\lib\ext\jaccess.jar;C:\Program Files\Java\jre1.8.0_221\lib\ext\jfxrt.jar;C:\Program Files\Java\jre1.8.0_221\lib\ext\localedata.jar;C:\Program Files\Java\jre1.8.0_221\lib\ext\nashorn.jar;C:\Program Files\Java\jre1.8.0_221\lib\ext\sunec.jar;C:\Program Files\Java\jre1.8.0_221\lib\ext\sunjce_provider.jar;C:\Program Files\Java\jre1.8.0_221\lib\ext\sunmscapi.jar;C:\Program Files\Java\jre1.8.0_221\lib\ext\sunpkcs11.jar;C:\Program Files\Java\jre1.8.0_221\lib\ext\zipfs.jar;C:\Users\padmaja\git\ZestIOTAutomation\target\test-classes;C:\Users\padmaja\git\ZestIOTAutomation\target\classes;C:\Users\padmaja\.p2\pool\plugins\org.testng.eclipse_6.10.0.201612030230\lib\testng.jar;C:\Users\padmaja\.p2\pool\plugins\org.testng.eclipse_6.10.0.201612030230\lib\jcommander.jar;C:\Users\padmaja\.p2\pool\plugins\org.testng.eclipse_6.10.0.201612030230\lib\bsh-2.0b4.jar;C:\Users\padmaja\.p2\pool\plugins\org.testng.eclipse_6.10.0.201612030230\lib\snakeyaml.jar;C:\Users\padmaja\git\ZestIOTAutomation\lib\ATUTestRecorder_2.1.jar;C:\Users\padmaja\git\ZestIOTAutomation\lib\testlink-api-client-2.0.jar;C:\Users\padmaja\.m2\repository\org\apache\maven\maven-plugin-api\3.3.9\maven-plugin-api-3.3.9.jar;C:\Users\padmaja\.m2\repository\org\apache\maven\maven-model\3.3.9\maven-model-3.3.9.jar;C:\Users\padmaja\.m2\repository\org\codehaus\plexus\plexus-utils\3.0.22\plexus-utils-3.0.22.jar;C:\Users\
Launcher Type: SUN_STANDARD

Environment Variables:
JAVA_HOME=C:\Program Files\Java\jdk1.8.0_201
CLASSPATH=C:\Program Files\Java\jdk1.7.0_79\lib
PATH=C:/Program Files/Java/jre1.8.0_221/bin/server;C:/Program Files/Java/jre1.8.0_221/bin;C:/Program Files/Java/jre1.8.0_221/lib/amd64;C:\Python27\;C:\Python27\Scripts;C:\Program Files (x86)\Common Files\Oracle\Java\javapath;C:\Program Files\Android\Android Studio\bin;%ANDROID_HOME%\platform-tools;C:\Users\Administrator\AppData\Local\Android\Sdk\platform-tools;C:\Users\Administrator\AppData\Local\Android\Sdk\tools;C:\Users\Administrator\AppData\Local\Android\Sdk\build-tools;C:\Program Files\nodejs\;C:\Program Files\Java\jdk1.8.0_201\bin;C:\Program Files\apache-maven-3.6.2\bin;C:\WINDOWS\system32;C:\WINDOWS;C:\WINDOWS\System32\Wbem;C:\WINDOWS\System32\WindowsPowerShell\v1.0\;C:\WINDOWS\System32\OpenSSH\;C:\Program Files\Git\bin;C:\Users\padmaja\AppData\Local\Microsoft\WindowsApps;C:\Users\padmaja\Desktop;
USERNAME=padmaja
OS=Windows_NT
PROCESSOR_IDENTIFIER=Intel64 Family 6 Model 61 Stepping 4, GenuineIntel



---------------  S Y S T E M  ---------------

OS: Windows 10.0 , 64 bit Build 18362 (10.0.18362.329)

CPU:total 4 (initial active 4) (2 cores per cpu, 2 threads per core) family 6 model 61 stepping 4, cmov, cx8, fxsr, mmx, sse, sse2, sse3, ssse3, sse4.1, sse4.2, popcnt, avx, avx2, aes, clmul, erms, 3dnowpref, lzcnt, ht, tsc, tscinvbit, bmi1, bmi2, adx

Memory: 4k page, physical 8300384k(1777568k free), swap 11147292k(2088520k free)

vm_info: Java HotSpot(TM) 64-Bit Server VM (25.221-b11) for windows-amd64 JRE (1.8.0_221-b11), built on Jul  4 2019 04:39:29 by "java_re" with MS VC++ 10.0 (VS2010)

time: Tue Dec 17 18:16:18 2019
timezone: India Standard Time
elapsed time: 830 seconds (0d 0h 13m 50s)

